<?xml version="1.0" encoding="UTF-8"?>
<!-- Generated by org.testng.reporters.JUnitReportReporter -->
<testsuite hostname="sys" name="com.qedge.testsuite.AddEmployee" tests="2" failures="0" timestamp="18 Jul 2015 12:55:06 GMT" time="63.699" errors="0">
  <testcase name="addEmployeeTest" time="31.209" classname="com.qedge.testsuite.AddEmployee"/>
  <testcase name="addEmployeeTest" time="32.490" classname="com.qedge.testsuite.AddEmployee"/>
</testsuite> <!-- com.qedge.testsuite.AddEmployee -->
