<?xml version="1.0" encoding="UTF-8"?>
<!-- Generated by org.testng.reporters.JUnitReportReporter -->
<testsuite hostname="sys" name="com.qedge.testsuite.Login" tests="2" failures="0" timestamp="18 Jul 2015 12:55:06 GMT" time="29.399" errors="0">
  <testcase name="loginTest" time="17.243" classname="com.qedge.testsuite.Login"/>
  <testcase name="loginTest" time="12.156" classname="com.qedge.testsuite.Login"/>
</testsuite> <!-- com.qedge.testsuite.Login -->
